<?xml version="1.0" encoding="UTF-8"?>
<!-- Generated by org.testng.reporters.JUnitReportReporter -->
<testsuite hostname="Mounika" failures="0" tests="1" name="test.TestRegisterPage" time="4.411" errors="0" timestamp="2023-07-18T11:15:24 IST" skipped="0">
  <testcase classname="test.TestRegisterPage" name="Register_Page_Test" time="4.411"/>
</testsuite> <!-- test.TestRegisterPage -->
