<?xml version="1.0" encoding="UTF-8"?>
<!-- Generated by org.testng.reporters.JUnitReportReporter -->
<testsuite hostname="Mounika" failures="0" tests="2" name="test.TestFramesPage" time="0.473" errors="0" timestamp="2023-07-18T11:15:24 IST" skipped="0">
  <testcase classname="test.TestFramesPage" name="testSingleIframe" time="0.209"/>
  <testcase classname="test.TestFramesPage" name="testFrameWithInFrame" time="0.264"/>
</testsuite> <!-- test.TestFramesPage -->
