<?xml version="1.0" encoding="UTF-8"?>
<!-- Generated by org.testng.reporters.JUnitReportReporter -->
<testsuite hostname="Mounika" failures="0" tests="2" name="test.TestDatePickerPage" time="44.371" errors="0" timestamp="2023-07-18T11:15:24 IST" skipped="0">
  <testcase classname="test.TestDatePickerPage" name="Datepicker_Enabled" time="0.400"/>
  <testcase classname="test.TestDatePickerPage" name="Datepicker_Disabled" time="43.971"/>
</testsuite> <!-- test.TestDatePickerPage -->
