<?xml version="1.0" encoding="UTF-8"?>
<!-- Generated by org.testng.reporters.JUnitReportReporter -->
<testsuite hostname="Mounika" failures="0" tests="3" name="test.TestAlertsPage" time="0.826" errors="0" timestamp="2023-07-18T11:15:24 IST" skipped="0">
  <testcase classname="test.TestAlertsPage" name="alertsWithOk" time="0.183"/>
  <testcase classname="test.TestAlertsPage" name="alertsWithCancel" time="0.489"/>
  <testcase classname="test.TestAlertsPage" name="alertsWithTextBox" time="0.154"/>
</testsuite> <!-- test.TestAlertsPage -->
