<?xml version="1.0" encoding="UTF-8"?>
<!-- Generated by org.testng.reporters.JUnitReportReporter -->
<testsuite hostname="Mounika" failures="0" tests="3" name="test.TestWindowsPage" time="3.952" errors="0" timestamp="2023-07-18T11:15:24 IST" skipped="0">
  <testcase classname="test.TestWindowsPage" name="testNewTabbedWindows" time="1.688"/>
  <testcase classname="test.TestWindowsPage" name="testSeperateWindows" time="1.112"/>
  <testcase classname="test.TestWindowsPage" name="testMultipleWindows" time="1.152"/>
</testsuite> <!-- test.TestWindowsPage -->
